# JRE version: OpenJDK Runtime Environment Temurin-11.0.15+10 (11.0.15+10) (build 11.0.15+10)
# Java VM: OpenJDK 64-Bit Server VM Temurin-11.0.15+10 (11.0.15+10, mixed mode, tiered, compressed oops, g1 gc, windows-amd64)
Heap:
 garbage-first heap   total 63488K, used 14020K [0x00000000e0000000, 0x0000000100000000)
  region size 1024K, 7 young (7168K), 3 survivors (3072K)
 Metaspace       used 28372K, capacity 29371K, committed 29568K, reserved 1075200K
  class space    used 3288K, capacity 3657K, committed 3712K, reserved 1048576K
GC Heap History (12 events):
Event: 2.332 GC heap before
{Heap before GC invocations=0 (full 0):
 garbage-first heap   total 63488K, used 14336K [0x00000000e0000000, 0x0000000100000000)
  region size 1024K, 14 young (14336K), 0 survivors (0K)
 Metaspace       used 11726K, capacity 11987K, committed 12032K, reserved 1060864K
  class space    used 1195K, capacity 1263K, committed 1280K, reserved 1048576K
}
Event: 2.346 GC heap after
{Heap after GC invocations=1 (full 0):
 garbage-first heap   total 63488K, used 4088K [0x00000000e0000000, 0x0000000100000000)
  region size 1024K, 2 young (2048K), 2 survivors (2048K)
 Metaspace       used 11726K, capacity 11987K, committed 12032K, reserved 1060864K
  class space    used 1195K, capacity 1263K, committed 1280K, reserved 1048576K
}
Event: 2.970 GC heap before
{Heap before GC invocations=1 (full 0):
 garbage-first heap   total 63488K, used 9208K [0x00000000e0000000, 0x0000000100000000)
  region size 1024K, 8 young (8192K), 2 survivors (2048K)
 Metaspace       used 13481K, capacity 13846K, committed 14080K, reserved 1062912K
  class space    used 1410K, capacity 1526K, committed 1536K, reserved 1048576K
}
Event: 2.976 GC heap after
{Heap after GC invocations=2 (full 0):
 garbage-first heap   total 63488K, used 4872K [0x00000000e0000000, 0x0000000100000000)
  region size 1024K, 1 young (1024K), 1 survivors (1024K)
 Metaspace       used 13481K, capacity 13846K, committed 14080K, reserved 1062912K
  class space    used 1410K, capacity 1526K, committed 1536K, reserved 1048576K
}
Event: 4.753 GC heap before
{Heap before GC invocations=2 (full 0):
 garbage-first heap   total 63488K, used 25352K [0x00000000e0000000, 0x0000000100000000)
  region size 1024K, 21 young (21504K), 1 survivors (1024K)
 Metaspace       used 18988K, capacity 19608K, committed 19840K, reserved 1067008K
  class space    used 2085K, capacity 2350K, committed 2432K, reserved 1048576K
}
Event: 4.759 GC heap after
{Heap after GC invocations=3 (full 0):
 garbage-first heap   total 63488K, used 7073K [0x00000000e0000000, 0x0000000100000000)
  region size 1024K, 3 young (3072K), 3 survivors (3072K)
 Metaspace       used 18988K, capacity 19608K, committed 19840K, reserved 1067008K
  class space    used 2085K, capacity 2350K, committed 2432K, reserved 1048576K
}
Event: 5.426 GC heap before
{Heap before GC invocations=3 (full 0):
 garbage-first heap   total 63488K, used 21409K [0x00000000e0000000, 0x0000000100000000)
  region size 1024K, 18 young (18432K), 3 survivors (3072K)
 Metaspace       used 20567K, capacity 21161K, committed 21248K, reserved 1069056K
  class space    used 2261K, capacity 2528K, committed 2560K, reserved 1048576K
}
Event: 5.440 GC heap after
{Heap after GC invocations=4 (full 0):
 garbage-first heap   total 63488K, used 9506K [0x00000000e0000000, 0x0000000100000000)
  region size 1024K, 3 young (3072K), 3 survivors (3072K)
 Metaspace       used 20567K, capacity 21161K, committed 21248K, reserved 1069056K
  class space    used 2261K, capacity 2528K, committed 2560K, reserved 1048576K
}
Event: 15.531 GC heap before
{Heap before GC invocations=5 (full 0):
 garbage-first heap   total 63488K, used 32034K [0x00000000e0000000, 0x0000000100000000)
  region size 1024K, 25 young (25600K), 3 survivors (3072K)
 Metaspace       used 26149K, capacity 27010K, committed 27264K, reserved 1073152K
  class space    used 2997K, capacity 3337K, committed 3456K, reserved 1048576K
}
Event: 15.540 GC heap after
{Heap after GC invocations=6 (full 0):
 garbage-first heap   total 63488K, used 11296K [0x00000000e0000000, 0x0000000100000000)
  region size 1024K, 2 young (2048K), 2 survivors (2048K)
 Metaspace       used 26149K, capacity 27010K, committed 27264K, reserved 1073152K
  class space    used 2997K, capacity 3337K, committed 3456K, reserved 1048576K
}
Event: 25.394 GC heap before
{Heap before GC invocations=6 (full 0):
 garbage-first heap   total 63488K, used 36896K [0x00000000e0000000, 0x0000000100000000)
  region size 1024K, 28 young (28672K), 2 survivors (2048K)
 Metaspace       used 28340K, capacity 29307K, committed 29568K, reserved 1075200K
  class space    used 3287K, capacity 3657K, committed 3712K, reserved 1048576K
}
Event: 25.406 GC heap after
{Heap after GC invocations=7 (full 0):
 garbage-first heap   total 63488K, used 11972K [0x00000000e0000000, 0x0000000100000000)
  region size 1024K, 3 young (3072K), 3 survivors (3072K)
 Metaspace       used 28340K, capacity 29307K, committed 29568K, reserved 1075200K
  class space    used 3287K, capacity 3657K, committed 3712K, reserved 1048576K
}

